<?xml version="1.0" encoding="UTF-8"?>
<!-- Generated by org.testng.reporters.JUnitReportReporter -->
<testsuite hostname="DESKTOP-FMC8G94" failures="0" tests="5" name="TestCases.LoginPageTest" time="18.927" errors="0" timestamp="2022-12-30T13:18:28 IST" skipped="4">
  <testcase classname="TestCases.LoginPageTest" name="verifyLoginToAppTest" time="18.927"/>
  <testcase classname="TestCases.LoginPageTest" name="verifycurrentUrl">
    <skipped/>
  </testcase> <!-- verifycurrentUrl -->
  <testcase classname="TestCases.LoginPageTest" name="verifyBotLogoTest">
    <skipped/>
  </testcase> <!-- verifyBotLogoTest -->
  <testcase classname="TestCases.LoginPageTest" name="verifyLoginLogoTest">
    <skipped/>
  </testcase> <!-- verifyLoginLogoTest -->
  <testcase classname="TestCases.LoginPageTest" name="verifyTitleTest">
    <skipped/>
  </testcase> <!-- verifyTitleTest -->
</testsuite> <!-- TestCases.LoginPageTest -->
