<?xml version="1.0" encoding="UTF-8"?>
<!-- Generated by org.testng.reporters.JUnitReportReporter -->
<testsuite hostname="DESKTOP-FMC8G94" failures="0" tests="8" name="TestCases.InventoryPageTest" time="15.490" errors="0" timestamp="2022-12-30T16:39:24 IST" skipped="7">
  <testcase classname="TestCases.InventoryPageTest" name="shoppingCartUrlTest" time="15.490"/>
  <testcase classname="TestCases.InventoryPageTest" name="sourceLabbackPackTest">
    <skipped/>
  </testcase> <!-- sourceLabbackPackTest -->
  <testcase classname="TestCases.InventoryPageTest" name="sourceLabBikeLightTest">
    <skipped/>
  </testcase> <!-- sourceLabBikeLightTest -->
  <testcase classname="TestCases.InventoryPageTest" name="sourceLabfleeceLogoTest">
    <skipped/>
  </testcase> <!-- sourceLabfleeceLogoTest -->
  <testcase classname="TestCases.InventoryPageTest" name="sourcelabsOncsieLogoTest">
    <skipped/>
  </testcase> <!-- sourcelabsOncsieLogoTest -->
  <testcase classname="TestCases.InventoryPageTest" name="testAllThingLogoTest">
    <skipped/>
  </testcase> <!-- testAllThingLogoTest -->
  <testcase classname="TestCases.InventoryPageTest" name="verifypeakLogoTest">
    <skipped/>
  </testcase> <!-- verifypeakLogoTest -->
  <testcase classname="TestCases.InventoryPageTest" name="sourceLabboltLogoTest">
    <skipped/>
  </testcase> <!-- sourceLabboltLogoTest -->
</testsuite> <!-- TestCases.InventoryPageTest -->
