<?xml version="1.0" encoding="UTF-8"?>
<!-- Generated by org.testng.reporters.JUnitReportReporter -->
<testsuite hostname="DESKTOP-FMC8G94" failures="0" tests="4" name="TestCases.PriorityTest" time="44.915" errors="0" timestamp="2023-01-06T15:20:29 IST" skipped="0">
  <testcase classname="TestCases.PriorityTest" name="verifyTitleTest" time="7.591"/>
  <testcase classname="TestCases.PriorityTest" name="verifycurrentUrl" time="10.010"/>
  <testcase classname="TestCases.PriorityTest" name="verifyLoginLogoTest" time="13.365"/>
  <testcase classname="TestCases.PriorityTest" name="verifyLoginToAppTest" time="13.949"/>
</testsuite> <!-- TestCases.PriorityTest -->
