<?xml version="1.0" encoding="UTF-8"?>
<!-- Generated by org.testng.reporters.JUnitReportReporter -->
<testsuite hostname="DESKTOP-FMC8G94" failures="0" tests="1" name="TestCases.CartPageTest" time="23.268" errors="0" timestamp="2023-01-06T12:33:04 IST" skipped="0">
  <testcase classname="TestCases.CartPageTest" name="verifycheckoutTest" time="23.268"/>
</testsuite> <!-- TestCases.CartPageTest -->
