<?xml version="1.0" encoding="UTF-8"?>
<!-- Generated by org.testng.reporters.JUnitReportReporter -->
<testsuite hostname="DESKTOP-FMC8G94" failures="0" tests="1" name="TestCases.SoftAssertion" time="12.767" errors="0" timestamp="2023-01-06T19:55:51 IST" skipped="0">
  <testcase classname="TestCases.SoftAssertion" name="verifypeakLogoTest" time="12.767"/>
</testsuite> <!-- TestCases.SoftAssertion -->
