<?xml version="1.0" encoding="UTF-8"?>
<!-- Generated by org.testng.reporters.JUnitReportReporter -->
<testsuite hostname="DESKTOP-FMC8G94" failures="0" tests="5" name="TestCases.GroupTest" time="51.651" errors="0" timestamp="2023-01-06T15:31:20 IST" skipped="0">
  <testcase classname="TestCases.GroupTest" name="Test2" time="12.847"/>
  <testcase classname="TestCases.GroupTest" name="Test4" time="8.569"/>
  <testcase classname="TestCases.GroupTest" name="Test5" time="13.333"/>
  <testcase classname="TestCases.GroupTest" name="Test3" time="8.001"/>
  <testcase classname="TestCases.GroupTest" name="Test1" time="8.901"/>
</testsuite> <!-- TestCases.GroupTest -->
