<?xml version="1.0" encoding="UTF-8"?>
<!-- Generated by org.testng.reporters.JUnitReportReporter -->
<testsuite hostname="DESKTOP-FMC8G94" failures="1" tests="2" name="TestCases.DemoTest" time="10.357" errors="0" timestamp="2023-01-06T16:40:01 IST" skipped="1">
  <testcase classname="TestCases.DemoTest" name="verifyTitleTest1" time="10.357">
    <failure message="expected [Swag Labs] but found [1Swag Labs]" type="java.lang.AssertionError">
      <![CDATA[java.lang.AssertionError: expected [Swag Labs] but found [1Swag Labs]
at org.testng.Assert.fail(Assert.java:97)
at org.testng.Assert.assertEqualsImpl(Assert.java:136)
at org.testng.Assert.assertEquals(Assert.java:118)
at org.testng.Assert.assertEquals(Assert.java:575)
at org.testng.Assert.assertEquals(Assert.java:585)
at TestCases.DemoTest.verifyTitleTest1(DemoTest.java:39)
at java.base/jdk.internal.reflect.NativeMethodAccessorImpl.invoke0(Native Method)
at java.base/jdk.internal.reflect.NativeMethodAccessorImpl.invoke(NativeMethodAccessorImpl.java:77)
at java.base/jdk.internal.reflect.DelegatingMethodAccessorImpl.invoke(DelegatingMethodAccessorImpl.java:43)
at java.base/java.lang.reflect.Method.invoke(Method.java:568)
at org.testng.internal.MethodInvocationHelper.invokeMethod(MethodInvocationHelper.java:133)
at org.testng.internal.InvokeMethodRunnable.runOne(InvokeMethodRunnable.java:51)
at org.testng.internal.InvokeMethodRunnable.run(InvokeMethodRunnable.java:41)
at java.base/java.util.concurrent.Executors$RunnableAdapter.call(Executors.java:539)
at java.base/java.util.concurrent.FutureTask.run(FutureTask.java:264)
at java.base/java.util.concurrent.ThreadPoolExecutor.runWorker(ThreadPoolExecutor.java:1136)
at java.base/java.util.concurrent.ThreadPoolExecutor$Worker.run(ThreadPoolExecutor.java:635)
at java.base/java.lang.Thread.run(Thread.java:833)
]]>
    </failure>
  </testcase> <!-- verifyTitleTest1 -->
  <testcase classname="TestCases.DemoTest" name="verifyTitleTest">
    <skipped/>
  </testcase> <!-- verifyTitleTest -->
</testsuite> <!-- TestCases.DemoTest -->
