<?xml version="1.0" encoding="UTF-8"?>
<!-- Generated by org.testng.reporters.JUnitReportReporter -->
<testsuite hostname="DESKTOP-FMC8G94" failures="0" tests="4" name="TestCases.ParellelTest" time="152.275" errors="0" timestamp="2023-01-10T12:17:26 IST" skipped="0">
  <testcase classname="TestCases.ParellelTest" name="Test3" time="32.339"/>
  <testcase classname="TestCases.ParellelTest" name="Test4" time="39.354"/>
  <testcase classname="TestCases.ParellelTest" name="Test2" time="42.052"/>
  <testcase classname="TestCases.ParellelTest" name="Test1" time="38.530"/>
</testsuite> <!-- TestCases.ParellelTest -->
